<?xml version="1.0" encoding="UTF-8"?>
<testsuite xmlns:xsi="http://www.w3.org/2001/XMLSchema-instance" xsi:noNamespaceSchemaLocation="https://maven.apache.org/surefire/maven-surefire-plugin/xsd/surefire-test-report.xsd" name="com.benjacortes.AppTest" time="0.019" tests="1" errors="0" skipped="0" failures="0">
  <properties>
    <property name="sun.desktop" value="gnome"/>
    <property name="awt.toolkit" value="sun.awt.X11.XToolkit"/>
    <property name="java.specification.version" value="11"/>
    <property name="sun.cpu.isalist" value=""/>
    <property name="sun.jnu.encoding" value="UTF-8"/>
    <property name="java.class.path" value="/home/a310726/backendproject/flink-maven/flink/target/test-classes:/home/a310726/backendproject/flink-maven/flink/target/classes:/home/a310726/.m2/repository/junit/junit/4.11/junit-4.11.jar:/home/a310726/.m2/repository/org/hamcrest/hamcrest-core/1.3/hamcrest-core-1.3.jar:/home/a310726/.m2/repository/org/apache/flink/flink-java/1.14.0/flink-java-1.14.0.jar:/home/a310726/.m2/repository/org/apache/flink/flink-core/1.14.0/flink-core-1.14.0.jar:/home/a310726/.m2/repository/org/apache/flink/flink-annotations/1.14.0/flink-annotations-1.14.0.jar:/home/a310726/.m2/repository/org/apache/flink/flink-metrics-core/1.14.0/flink-metrics-core-1.14.0.jar:/home/a310726/.m2/repository/org/apache/flink/flink-shaded-asm-7/7.1-14.0/flink-shaded-asm-7-7.1-14.0.jar:/home/a310726/.m2/repository/com/esotericsoftware/kryo/kryo/2.24.0/kryo-2.24.0.jar:/home/a310726/.m2/repository/com/esotericsoftware/minlog/minlog/1.2/minlog-1.2.jar:/home/a310726/.m2/repository/org/objenesis/objenesis/2.1/objenesis-2.1.jar:/home/a310726/.m2/repository/commons-collections/commons-collections/3.2.2/commons-collections-3.2.2.jar:/home/a310726/.m2/repository/org/apache/commons/commons-compress/1.21/commons-compress-1.21.jar:/home/a310726/.m2/repository/org/apache/commons/commons-lang3/3.3.2/commons-lang3-3.3.2.jar:/home/a310726/.m2/repository/org/apache/commons/commons-math3/3.5/commons-math3-3.5.jar:/home/a310726/.m2/repository/org/slf4j/slf4j-api/1.7.15/slf4j-api-1.7.15.jar:/home/a310726/.m2/repository/com/google/code/findbugs/jsr305/1.3.9/jsr305-1.3.9.jar:/home/a310726/.m2/repository/org/apache/flink/flink-shaded-force-shading/14.0/flink-shaded-force-shading-14.0.jar:/home/a310726/.m2/repository/org/apache/flink/flink-streaming-java_2.12/1.14.0/flink-streaming-java_2.12-1.14.0.jar:/home/a310726/.m2/repository/org/apache/flink/flink-file-sink-common/1.14.0/flink-file-sink-common-1.14.0.jar:/home/a310726/.m2/repository/org/apache/flink/flink-runtime/1.14.0/flink-runtime-1.14.0.jar:/home/a310726/.m2/repository/org/apache/flink/flink-rpc-core/1.14.0/flink-rpc-core-1.14.0.jar:/home/a310726/.m2/repository/org/apache/flink/flink-rpc-akka-loader/1.14.0/flink-rpc-akka-loader-1.14.0.jar:/home/a310726/.m2/repository/org/apache/flink/flink-queryable-state-client-java/1.14.0/flink-queryable-state-client-java-1.14.0.jar:/home/a310726/.m2/repository/org/apache/flink/flink-hadoop-fs/1.14.0/flink-hadoop-fs-1.14.0.jar:/home/a310726/.m2/repository/commons-io/commons-io/2.8.0/commons-io-2.8.0.jar:/home/a310726/.m2/repository/org/apache/flink/flink-shaded-netty/4.1.65.Final-14.0/flink-shaded-netty-4.1.65.Final-14.0.jar:/home/a310726/.m2/repository/org/apache/flink/flink-shaded-jackson/2.12.4-14.0/flink-shaded-jackson-2.12.4-14.0.jar:/home/a310726/.m2/repository/org/apache/flink/flink-shaded-zookeeper-3/3.4.14-14.0/flink-shaded-zookeeper-3-3.4.14-14.0.jar:/home/a310726/.m2/repository/commons-cli/commons-cli/1.3.1/commons-cli-1.3.1.jar:/home/a310726/.m2/repository/org/javassist/javassist/3.24.0-GA/javassist-3.24.0-GA.jar:/home/a310726/.m2/repository/org/apache/flink/flink-scala_2.12/1.14.0/flink-scala_2.12-1.14.0.jar:/home/a310726/.m2/repository/org/scala-lang/scala-reflect/2.12.7/scala-reflect-2.12.7.jar:/home/a310726/.m2/repository/org/scala-lang/scala-library/2.12.7/scala-library-2.12.7.jar:/home/a310726/.m2/repository/org/scala-lang/scala-compiler/2.12.7/scala-compiler-2.12.7.jar:/home/a310726/.m2/repository/org/scala-lang/modules/scala-xml_2.12/1.0.6/scala-xml_2.12-1.0.6.jar:/home/a310726/.m2/repository/com/twitter/chill_2.12/0.7.6/chill_2.12-0.7.6.jar:/home/a310726/.m2/repository/com/twitter/chill-java/0.7.6/chill-java-0.7.6.jar:/home/a310726/.m2/repository/org/apache/flink/flink-shaded-guava/30.1.1-jre-14.0/flink-shaded-guava-30.1.1-jre-14.0.jar:/home/a310726/.m2/repository/org/apache/flink/flink-connector-kafka_2.11/1.14.0/flink-connector-kafka_2.11-1.14.0.jar:/home/a310726/.m2/repository/org/apache/flink/flink-connector-base/1.14.0/flink-connector-base-1.14.0.jar:/home/a310726/.m2/repository/org/apache/kafka/kafka-clients/3.0.0/kafka-clients-3.0.0.jar:/home/a310726/.m2/repository/com/github/luben/zstd-jni/1.5.0-2/zstd-jni-1.5.0-2.jar:/home/a310726/.m2/repository/org/lz4/lz4-java/1.7.1/lz4-java-1.7.1.jar:/home/a310726/.m2/repository/org/xerial/snappy/snappy-java/1.1.8.1/snappy-java-1.1.8.1.jar:/home/a310726/.m2/repository/org/apache/flink/flink-json/1.13.3/flink-json-1.13.3.jar:/home/a310726/.m2/repository/org/apache/flink/force-shading/1.13.3/force-shading-1.13.3.jar:/home/a310726/.m2/repository/com/fasterxml/jackson/datatype/jackson-datatype-jsr310/2.13.0/jackson-datatype-jsr310-2.13.0.jar:/home/a310726/.m2/repository/com/fasterxml/jackson/core/jackson-annotations/2.13.0/jackson-annotations-2.13.0.jar:/home/a310726/.m2/repository/com/fasterxml/jackson/core/jackson-core/2.13.0/jackson-core-2.13.0.jar:/home/a310726/.m2/repository/com/fasterxml/jackson/core/jackson-databind/2.13.0/jackson-databind-2.13.0.jar:"/>
    <property name="java.vm.vendor" value="Ubuntu"/>
    <property name="sun.arch.data.model" value="64"/>
    <property name="java.vendor.url" value="https://ubuntu.com/"/>
    <property name="user.timezone" value=""/>
    <property name="java.vm.specification.version" value="11"/>
    <property name="os.name" value="Linux"/>
    <property name="sun.java.launcher" value="SUN_STANDARD"/>
    <property name="user.country" value="AR"/>
    <property name="sun.boot.library.path" value="/usr/lib/jvm/java-11-openjdk-amd64/lib"/>
    <property name="sun.java.command" value="/home/a310726/backendproject/flink-maven/flink/target/surefire/surefirebooter7217627653622619614.jar /home/a310726/backendproject/flink-maven/flink/target/surefire 2021-11-17T17-37-40_814-jvmRun1 surefire14096952367537902041tmp surefire_010199641684895412190tmp"/>
    <property name="jdk.debug" value="release"/>
    <property name="surefire.test.class.path" value="/home/a310726/backendproject/flink-maven/flink/target/test-classes:/home/a310726/backendproject/flink-maven/flink/target/classes:/home/a310726/.m2/repository/junit/junit/4.11/junit-4.11.jar:/home/a310726/.m2/repository/org/hamcrest/hamcrest-core/1.3/hamcrest-core-1.3.jar:/home/a310726/.m2/repository/org/apache/flink/flink-java/1.14.0/flink-java-1.14.0.jar:/home/a310726/.m2/repository/org/apache/flink/flink-core/1.14.0/flink-core-1.14.0.jar:/home/a310726/.m2/repository/org/apache/flink/flink-annotations/1.14.0/flink-annotations-1.14.0.jar:/home/a310726/.m2/repository/org/apache/flink/flink-metrics-core/1.14.0/flink-metrics-core-1.14.0.jar:/home/a310726/.m2/repository/org/apache/flink/flink-shaded-asm-7/7.1-14.0/flink-shaded-asm-7-7.1-14.0.jar:/home/a310726/.m2/repository/com/esotericsoftware/kryo/kryo/2.24.0/kryo-2.24.0.jar:/home/a310726/.m2/repository/com/esotericsoftware/minlog/minlog/1.2/minlog-1.2.jar:/home/a310726/.m2/repository/org/objenesis/objenesis/2.1/objenesis-2.1.jar:/home/a310726/.m2/repository/commons-collections/commons-collections/3.2.2/commons-collections-3.2.2.jar:/home/a310726/.m2/repository/org/apache/commons/commons-compress/1.21/commons-compress-1.21.jar:/home/a310726/.m2/repository/org/apache/commons/commons-lang3/3.3.2/commons-lang3-3.3.2.jar:/home/a310726/.m2/repository/org/apache/commons/commons-math3/3.5/commons-math3-3.5.jar:/home/a310726/.m2/repository/org/slf4j/slf4j-api/1.7.15/slf4j-api-1.7.15.jar:/home/a310726/.m2/repository/com/google/code/findbugs/jsr305/1.3.9/jsr305-1.3.9.jar:/home/a310726/.m2/repository/org/apache/flink/flink-shaded-force-shading/14.0/flink-shaded-force-shading-14.0.jar:/home/a310726/.m2/repository/org/apache/flink/flink-streaming-java_2.12/1.14.0/flink-streaming-java_2.12-1.14.0.jar:/home/a310726/.m2/repository/org/apache/flink/flink-file-sink-common/1.14.0/flink-file-sink-common-1.14.0.jar:/home/a310726/.m2/repository/org/apache/flink/flink-runtime/1.14.0/flink-runtime-1.14.0.jar:/home/a310726/.m2/repository/org/apache/flink/flink-rpc-core/1.14.0/flink-rpc-core-1.14.0.jar:/home/a310726/.m2/repository/org/apache/flink/flink-rpc-akka-loader/1.14.0/flink-rpc-akka-loader-1.14.0.jar:/home/a310726/.m2/repository/org/apache/flink/flink-queryable-state-client-java/1.14.0/flink-queryable-state-client-java-1.14.0.jar:/home/a310726/.m2/repository/org/apache/flink/flink-hadoop-fs/1.14.0/flink-hadoop-fs-1.14.0.jar:/home/a310726/.m2/repository/commons-io/commons-io/2.8.0/commons-io-2.8.0.jar:/home/a310726/.m2/repository/org/apache/flink/flink-shaded-netty/4.1.65.Final-14.0/flink-shaded-netty-4.1.65.Final-14.0.jar:/home/a310726/.m2/repository/org/apache/flink/flink-shaded-jackson/2.12.4-14.0/flink-shaded-jackson-2.12.4-14.0.jar:/home/a310726/.m2/repository/org/apache/flink/flink-shaded-zookeeper-3/3.4.14-14.0/flink-shaded-zookeeper-3-3.4.14-14.0.jar:/home/a310726/.m2/repository/commons-cli/commons-cli/1.3.1/commons-cli-1.3.1.jar:/home/a310726/.m2/repository/org/javassist/javassist/3.24.0-GA/javassist-3.24.0-GA.jar:/home/a310726/.m2/repository/org/apache/flink/flink-scala_2.12/1.14.0/flink-scala_2.12-1.14.0.jar:/home/a310726/.m2/repository/org/scala-lang/scala-reflect/2.12.7/scala-reflect-2.12.7.jar:/home/a310726/.m2/repository/org/scala-lang/scala-library/2.12.7/scala-library-2.12.7.jar:/home/a310726/.m2/repository/org/scala-lang/scala-compiler/2.12.7/scala-compiler-2.12.7.jar:/home/a310726/.m2/repository/org/scala-lang/modules/scala-xml_2.12/1.0.6/scala-xml_2.12-1.0.6.jar:/home/a310726/.m2/repository/com/twitter/chill_2.12/0.7.6/chill_2.12-0.7.6.jar:/home/a310726/.m2/repository/com/twitter/chill-java/0.7.6/chill-java-0.7.6.jar:/home/a310726/.m2/repository/org/apache/flink/flink-shaded-guava/30.1.1-jre-14.0/flink-shaded-guava-30.1.1-jre-14.0.jar:/home/a310726/.m2/repository/org/apache/flink/flink-connector-kafka_2.11/1.14.0/flink-connector-kafka_2.11-1.14.0.jar:/home/a310726/.m2/repository/org/apache/flink/flink-connector-base/1.14.0/flink-connector-base-1.14.0.jar:/home/a310726/.m2/repository/org/apache/kafka/kafka-clients/3.0.0/kafka-clients-3.0.0.jar:/home/a310726/.m2/repository/com/github/luben/zstd-jni/1.5.0-2/zstd-jni-1.5.0-2.jar:/home/a310726/.m2/repository/org/lz4/lz4-java/1.7.1/lz4-java-1.7.1.jar:/home/a310726/.m2/repository/org/xerial/snappy/snappy-java/1.1.8.1/snappy-java-1.1.8.1.jar:/home/a310726/.m2/repository/org/apache/flink/flink-json/1.13.3/flink-json-1.13.3.jar:/home/a310726/.m2/repository/org/apache/flink/force-shading/1.13.3/force-shading-1.13.3.jar:/home/a310726/.m2/repository/com/fasterxml/jackson/datatype/jackson-datatype-jsr310/2.13.0/jackson-datatype-jsr310-2.13.0.jar:/home/a310726/.m2/repository/com/fasterxml/jackson/core/jackson-annotations/2.13.0/jackson-annotations-2.13.0.jar:/home/a310726/.m2/repository/com/fasterxml/jackson/core/jackson-core/2.13.0/jackson-core-2.13.0.jar:/home/a310726/.m2/repository/com/fasterxml/jackson/core/jackson-databind/2.13.0/jackson-databind-2.13.0.jar:"/>
    <property name="sun.cpu.endian" value="little"/>
    <property name="user.home" value="/home/a310726"/>
    <property name="user.language" value="es"/>
    <property name="java.specification.vendor" value="Oracle Corporation"/>
    <property name="java.version.date" value="2021-04-20"/>
    <property name="java.home" value="/usr/lib/jvm/java-11-openjdk-amd64"/>
    <property name="file.separator" value="/"/>
    <property name="basedir" value="/home/a310726/backendproject/flink-maven/flink"/>
    <property name="java.vm.compressedOopsMode" value="Zero based"/>
    <property name="line.separator" value="&#10;"/>
    <property name="java.specification.name" value="Java Platform API Specification"/>
    <property name="java.vm.specification.vendor" value="Oracle Corporation"/>
    <property name="java.awt.graphicsenv" value="sun.awt.X11GraphicsEnvironment"/>
    <property name="surefire.real.class.path" value="/home/a310726/backendproject/flink-maven/flink/target/surefire/surefirebooter7217627653622619614.jar"/>
    <property name="sun.management.compiler" value="HotSpot 64-Bit Tiered Compilers"/>
    <property name="java.runtime.version" value="11.0.11+9-Ubuntu-0ubuntu2.20.04"/>
    <property name="user.name" value="a310726"/>
    <property name="path.separator" value=":"/>
    <property name="os.version" value="5.11.0-40-generic"/>
    <property name="java.runtime.name" value="OpenJDK Runtime Environment"/>
    <property name="file.encoding" value="UTF-8"/>
    <property name="java.vm.name" value="OpenJDK 64-Bit Server VM"/>
    <property name="localRepository" value="/home/a310726/.m2/repository"/>
    <property name="java.vendor.url.bug" value="https://bugs.launchpad.net/ubuntu/+source/openjdk-lts"/>
    <property name="java.io.tmpdir" value="/tmp"/>
    <property name="java.version" value="11.0.11"/>
    <property name="user.dir" value="/home/a310726/backendproject/flink-maven/flink"/>
    <property name="os.arch" value="amd64"/>
    <property name="java.vm.specification.name" value="Java Virtual Machine Specification"/>
    <property name="java.awt.printerjob" value="sun.print.PSPrinterJob"/>
    <property name="sun.os.patch.level" value="unknown"/>
    <property name="java.library.path" value="/usr/java/packages/lib:/usr/lib/x86_64-linux-gnu/jni:/lib/x86_64-linux-gnu:/usr/lib/x86_64-linux-gnu:/usr/lib/jni:/lib:/usr/lib"/>
    <property name="java.vm.info" value="mixed mode, sharing"/>
    <property name="java.vendor" value="Ubuntu"/>
    <property name="java.vm.version" value="11.0.11+9-Ubuntu-0ubuntu2.20.04"/>
    <property name="sun.io.unicode.encoding" value="UnicodeLittle"/>
    <property name="java.class.version" value="55.0"/>
  </properties>
  <testcase name="shouldAnswerWithTrue" classname="com.benjacortes.AppTest" time="0.001"/>
</testsuite>